<?xml version="1.0" encoding="UTF-8"?>
<!-- Generated by org.testng.reporters.JUnitXMLReporter -->
<testsuite ignored="0" hostname="DESKTOP-SSNF0DJ" failures="0" tests="4" name="Default test" time="0.095" errors="0" timestamp="2022-04-27T16:03:53 IST">
  <testcase classname="Tutorial2.Demo" name="adminPage" time="0.014"/>
  <testcase classname="Tutorial2.Demo" name="homePage" time="0.004"/>
  <testcase classname="Tutorial2.Demo" name="loginPage" time="0.003"/>
  <testcase classname="Tutorial2.Demo" name="searchPage" time="0.003"/>
</testsuite> <!-- Default test -->
