<?xml version="1.0" encoding="UTF-8"?>
<!-- Generated by org.testng.reporters.JUnitXMLReporter -->
<testsuite ignored="1" hostname="DESKTOP-SSNF0DJ" failures="0" tests="7" name="Test" time="0.055" errors="0" timestamp="2022-04-28T17:03:49 IST">
  <testcase classname="Tutorial2.Demo" name="adminPage" time="0.006"/>
  <testcase classname="Tutorial2.Demo" name="homePage" time="0.001"/>
  <testcase classname="Tutorial2.Demo" name="loginPage" time="0.001"/>
  <testcase classname="Tutorial2.Demo" name="searchPage" time="0.001"/>
  <testcase classname="Tutorial2.Demo1" name="abc" time="0.001"/>
  <testcase classname="Tutorial2.Demo1" name="adminPage" time="0.001"/>
  <testcase classname="Tutorial2.Demo1" name="searchPage" time="0.001"/>
  <testcase classname="Tutorial2.Demo1" name="homePage" time="0.0">
    <ignored/>
  </testcase> <!-- homePage -->
</testsuite> <!-- Test -->
